<?xml version="1.0" encoding="UTF-8"?>
<!-- Generated by org.testng.reporters.JUnitXMLReporter -->
<testsuite ignored="1" hostname="DESKTOP-1PHE2Q8" failures="1" tests="2" name="Error Validation Test" time="42.155" errors="0" timestamp="2025-03-31T18:33:48 IST">
  <testcase classname="RahulShettyAcademy.Tests.ErrorValidationsTest" name="loginErrorValidation" time="0.517">
    <skipped/>
  </testcase> <!-- loginErrorValidation -->
  <testcase classname="RahulShettyAcademy.Tests.ErrorValidationsTest" name="loginErrorValidation" time="0.48">
    <failure type="java.lang.AssertionError" message="expected [Incorrec email or password.] but found [Incorrect email or password.]">
      <![CDATA[java.lang.AssertionError: expected [Incorrec email or password.] but found [Incorrect email or password.]
at RahulShettyAcademy.Tests.ErrorValidationsTest.loginErrorValidation(ErrorValidationsTest.java:23)
at java.base/java.util.ArrayList.forEach(ArrayList.java:1511)
at java.base/java.util.concurrent.FutureTask.run(FutureTask.java:317)
at java.base/java.util.concurrent.ThreadPoolExecutor.runWorker(ThreadPoolExecutor.java:1144)
at java.base/java.util.concurrent.ThreadPoolExecutor$Worker.run(ThreadPoolExecutor.java:642)
at java.base/java.lang.Thread.run(Thread.java:1623)
... Removed 21 stack frames]]>
    </failure>
  </testcase> <!-- loginErrorValidation -->
  <testcase classname="RahulShettyAcademy.Tests.ErrorValidationsTest" name="productErrorValidation" time="0.0">
    <ignored/>
  </testcase> <!-- productErrorValidation -->
</testsuite> <!-- Error Validation Test -->
