<?xml version="1.0" encoding="UTF-8"?>
<!-- Generated by org.testng.reporters.JUnitXMLReporter -->
<testsuite ignored="1" hostname="DESKTOP-1PHE2Q8" failures="0" tests="1" name="Error Validation Test" time="12.62" errors="0" timestamp="2025-03-31T18:01:57 IST">
  <testcase classname="RahulShettyAcademy.Tests.ErrorValidationsTest" name="loginErrorValidation" time="0.532"/>
  <testcase classname="RahulShettyAcademy.Tests.ErrorValidationsTest" name="productErrorValidation" time="0.0">
    <ignored/>
  </testcase> <!-- productErrorValidation -->
</testsuite> <!-- Error Validation Test -->
