<?xml version="1.0" encoding="UTF-8"?>
<testng-results ignored="0" total="3" passed="3" failed="0" skipped="0">
  <reporter-output>
  </reporter-output>
  <suite started-at="2025-04-03T15:51:22 IST" name="Surefire suite" finished-at="2025-04-03T15:52:33 IST" duration-ms="71363">
    <groups>
      <group name="cucumber">
        <method signature="AbstractTestNGCucumberTests.runScenario(io.cucumber.testng.PickleWrapper,io.cucumber.testng.FeatureWrapper)[pri:0, instance:Cucumber.TestNGTestRunner@15eb5ee5]" name="runScenario" class="io.cucumber.testng.AbstractTestNGCucumberTests"/>
      </group> <!-- cucumber -->
    </groups>
    <test started-at="2025-04-03T15:51:22 IST" name="Surefire test" finished-at="2025-04-03T15:52:33 IST" duration-ms="71363">
      <class name="Cucumber.TestNGTestRunner">
        <test-method is-config="true" signature="setUpClass(org.testng.ITestContext)[pri:0, instance:Cucumber.TestNGTestRunner@15eb5ee5]" started-at="2025-04-03T15:51:22 IST" name="setUpClass" finished-at="2025-04-03T15:51:23 IST" duration-ms="1326" status="PASS">
          <params>
            <param index="0">
              <value>
                <![CDATA[org.testng.TestRunner@2fd72332]]>
              </value>
            </param>
          </params>
          <reporter-output>
          </reporter-output>
        </test-method> <!-- setUpClass -->
        <test-method signature="runScenario(io.cucumber.testng.PickleWrapper,io.cucumber.testng.FeatureWrapper)[pri:0, instance:Cucumber.TestNGTestRunner@15eb5ee5]" started-at="2025-04-03T15:51:23 IST" name="runScenario" description="Runs Cucumber Scenarios" data-provider="scenarios" finished-at="2025-04-03T15:51:38 IST" duration-ms="15196" status="PASS">
          <params>
            <param index="0">
              <value>
                <![CDATA["Negative test of logging with wrong username or password"]]>
              </value>
            </param>
            <param index="1">
              <value>
                <![CDATA["Login Error Validation"]]>
              </value>
            </param>
          </params>
          <reporter-output>
          </reporter-output>
        </test-method> <!-- runScenario -->
        <test-method signature="runScenario(io.cucumber.testng.PickleWrapper,io.cucumber.testng.FeatureWrapper)[pri:0, instance:Cucumber.TestNGTestRunner@15eb5ee5]" started-at="2025-04-03T15:51:38 IST" name="runScenario" description="Runs Cucumber Scenarios" data-provider="scenarios" finished-at="2025-04-03T15:52:07 IST" duration-ms="28534" status="PASS">
          <params>
            <param index="0">
              <value>
                <![CDATA["Positive test of submitting the order on Ecommerce Website"]]>
              </value>
            </param>
            <param index="1">
              <value>
                <![CDATA["Purchase a product from ECommerce Website"]]>
              </value>
            </param>
          </params>
          <reporter-output>
          </reporter-output>
        </test-method> <!-- runScenario -->
        <test-method signature="runScenario(io.cucumber.testng.PickleWrapper,io.cucumber.testng.FeatureWrapper)[pri:0, instance:Cucumber.TestNGTestRunner@15eb5ee5]" started-at="2025-04-03T15:52:07 IST" name="runScenario" description="Runs Cucumber Scenarios" data-provider="scenarios" finished-at="2025-04-03T15:52:33 IST" duration-ms="26100" status="PASS">
          <params>
            <param index="0">
              <value>
                <![CDATA["Positive test of submitting the order on Ecommerce Website"]]>
              </value>
            </param>
            <param index="1">
              <value>
                <![CDATA["Purchase a product from ECommerce Website"]]>
              </value>
            </param>
          </params>
          <reporter-output>
          </reporter-output>
        </test-method> <!-- runScenario -->
        <test-method is-config="true" signature="tearDownClass()[pri:0, instance:Cucumber.TestNGTestRunner@15eb5ee5]" started-at="2025-04-03T15:52:33 IST" name="tearDownClass" finished-at="2025-04-03T15:52:33 IST" duration-ms="137" status="PASS">
          <reporter-output>
          </reporter-output>
        </test-method> <!-- tearDownClass -->
      </class> <!-- Cucumber.TestNGTestRunner -->
    </test> <!-- Surefire test -->
  </suite> <!-- Surefire suite -->
</testng-results>
