<?xml version="1.0" encoding="UTF-8"?>
<testng-results ignored="0" total="3" passed="3" failed="0" skipped="0">
  <reporter-output>
  </reporter-output>
  <suite started-at="2025-04-03T15:13:32 IST" name="Default suite" finished-at="2025-04-03T15:14:36 IST" duration-ms="64326">
    <groups>
      <group name="cucumber">
        <method signature="AbstractTestNGCucumberTests.runScenario(io.cucumber.testng.PickleWrapper,io.cucumber.testng.FeatureWrapper)[pri:0, instance:Cucumber.TestNGTestRunner@7d20d0b]" name="runScenario" class="io.cucumber.testng.AbstractTestNGCucumberTests"/>
      </group> <!-- cucumber -->
    </groups>
    <test started-at="2025-04-03T15:13:32 IST" name="Default test" finished-at="2025-04-03T15:14:36 IST" duration-ms="64326">
      <class name="Cucumber.TestNGTestRunner">
        <test-method is-config="true" signature="setUpClass(org.testng.ITestContext)[pri:0, instance:Cucumber.TestNGTestRunner@7d20d0b]" started-at="2025-04-03T15:13:32 IST" name="setUpClass" finished-at="2025-04-03T15:13:33 IST" duration-ms="874" status="PASS">
          <params>
            <param index="0">
              <value>
                <![CDATA[org.testng.TestRunner@76d7881e]]>
              </value>
            </param>
          </params>
          <reporter-output>
          </reporter-output>
        </test-method> <!-- setUpClass -->
        <test-method signature="runScenario(io.cucumber.testng.PickleWrapper,io.cucumber.testng.FeatureWrapper)[pri:0, instance:Cucumber.TestNGTestRunner@7d20d0b]" started-at="2025-04-03T15:13:33 IST" name="runScenario" description="Runs Cucumber Scenarios" data-provider="scenarios" finished-at="2025-04-03T15:13:45 IST" duration-ms="12469" status="PASS">
          <params>
            <param index="0">
              <value>
                <![CDATA["Negative test of logging with wrong username or password"]]>
              </value>
            </param>
            <param index="1">
              <value>
                <![CDATA["Login Error Validation"]]>
              </value>
            </param>
          </params>
          <reporter-output>
          </reporter-output>
        </test-method> <!-- runScenario -->
        <test-method signature="runScenario(io.cucumber.testng.PickleWrapper,io.cucumber.testng.FeatureWrapper)[pri:0, instance:Cucumber.TestNGTestRunner@7d20d0b]" started-at="2025-04-03T15:13:45 IST" name="runScenario" description="Runs Cucumber Scenarios" data-provider="scenarios" finished-at="2025-04-03T15:14:10 IST" duration-ms="25024" status="PASS">
          <params>
            <param index="0">
              <value>
                <![CDATA["Positive test of submitting the order on Ecommerce Website"]]>
              </value>
            </param>
            <param index="1">
              <value>
                <![CDATA["Purchase a product from ECommerce Website"]]>
              </value>
            </param>
          </params>
          <reporter-output>
          </reporter-output>
        </test-method> <!-- runScenario -->
        <test-method signature="runScenario(io.cucumber.testng.PickleWrapper,io.cucumber.testng.FeatureWrapper)[pri:0, instance:Cucumber.TestNGTestRunner@7d20d0b]" started-at="2025-04-03T15:14:10 IST" name="runScenario" description="Runs Cucumber Scenarios" data-provider="scenarios" finished-at="2025-04-03T15:14:36 IST" duration-ms="25850" status="PASS">
          <params>
            <param index="0">
              <value>
                <![CDATA["Positive test of submitting the order on Ecommerce Website"]]>
              </value>
            </param>
            <param index="1">
              <value>
                <![CDATA["Purchase a product from ECommerce Website"]]>
              </value>
            </param>
          </params>
          <reporter-output>
          </reporter-output>
        </test-method> <!-- runScenario -->
        <test-method is-config="true" signature="tearDownClass()[pri:0, instance:Cucumber.TestNGTestRunner@7d20d0b]" started-at="2025-04-03T15:14:36 IST" name="tearDownClass" finished-at="2025-04-03T15:14:36 IST" duration-ms="34" status="PASS">
          <reporter-output>
          </reporter-output>
        </test-method> <!-- tearDownClass -->
      </class> <!-- Cucumber.TestNGTestRunner -->
    </test> <!-- Default test -->
  </suite> <!-- Default suite -->
</testng-results>
